<?xml version="1.0" encoding="UTF-8"?>
<!-- Generated by org.testng.reporters.JUnitReportReporter -->
<testsuite hostname="DESKTOP-SB77N2B" failures="0" tests="1" name="testfile.TestFile" time="6.994" errors="0" timestamp="2023-07-17T12:03:40 IST" skipped="0">
  <testcase classname="testfile.TestFile" name="checkUnsuccessfulLogin" time="6.994"/>
  <system-out/>
</testsuite> <!-- testfile.TestFile -->
